<?xml version="1.0" encoding="UTF-8"?>
<!-- Generated by org.testng.reporters.JUnitReportReporter -->
<testsuite hostname="PRKG-BLR-01" failures="0" tests="1" name="Tests.SOAPXMLRequest" time="3.219" errors="0" timestamp="2023-07-19T20:33:44 IST" skipped="0">
  <testcase classname="Tests.SOAPXMLRequest" name="validatesoapxml" time="3.219"/>
</testsuite> <!-- Tests.SOAPXMLRequest -->
