<?xml version="1.0" encoding="UTF-8"?>
<!-- Generated by org.testng.reporters.JUnitReportReporter -->
<testsuite hostname="PRKG-BLR-01" failures="0" tests="1" name="Tests.TestsExamples" time="4.915" errors="0" timestamp="2023-07-18T09:40:07 IST" skipped="0">
  <testcase classname="Tests.TestsExamples" name="test_1" time="4.915"/>
</testsuite> <!-- Tests.TestsExamples -->
