<?xml version="1.0" encoding="UTF-8"?>
<!-- Generated by org.testng.reporters.JUnitReportReporter -->
<testsuite hostname="PRKG-BLR-01" failures="0" tests="1" name="Tests.TestonLocalAPI" time="1.198" errors="0" timestamp="2023-07-19T17:02:34 IST" skipped="0">
  <testcase classname="Tests.TestonLocalAPI" name="patch" time="1.198"/>
</testsuite> <!-- Tests.TestonLocalAPI -->
