<?xml version="1.0" encoding="UTF-8"?>
<!-- Generated by org.testng.reporters.JUnitReportReporter -->
<testsuite hostname="PRKG-BLR-01" failures="0" tests="3" name="Tests.TestPUTPATCHANDDELETE" time="3.137" errors="0" timestamp="2023-07-18T20:09:17 IST" skipped="0">
  <testcase classname="Tests.TestPUTPATCHANDDELETE" name="testdelete" time="1.841"/>
  <testcase classname="Tests.TestPUTPATCHANDDELETE" name="testpatch" time="0.749"/>
  <testcase classname="Tests.TestPUTPATCHANDDELETE" name="testput" time="0.547"/>
</testsuite> <!-- Tests.TestPUTPATCHANDDELETE -->
