<?xml version="1.0" encoding="UTF-8"?>
<!-- Generated by org.testng.reporters.JUnitReportReporter -->
<testsuite hostname="PRKG-BLR-01" failures="0" tests="2" name="Tests.TestExample1" time="1.997" errors="0" timestamp="2023-07-18T11:34:28 IST" skipped="0">
  <testcase classname="Tests.TestExample1" name="test_2" time="0.625"/>
  <testcase classname="Tests.TestExample1" name="test_1" time="1.372"/>
</testsuite> <!-- Tests.TestExample1 -->
