<?xml version="1.0" encoding="UTF-8"?>
<!-- Generated by org.testng.reporters.JUnitReportReporter -->
<testsuite hostname="PRKG-BLR-01" failures="0" tests="1" name="Tests.JsonSchemaValidator" time="2.969" errors="0" timestamp="2023-07-19T15:10:45 IST" skipped="0">
  <testcase classname="Tests.JsonSchemaValidator" name="testget" time="2.969"/>
</testsuite> <!-- Tests.JsonSchemaValidator -->
